161225-144218-jrWetterstation-31-INFO-

Wetterstation gestartet

161225-144218-jrWetterstation-46-ERROR-Global exception handler: 
Traceback (most recent call last):
  File "jrWetterstation.py", line 39, in <module>
    ky052.save()
  File "/home/robert/jrWetterstation/sensors/KY052_Sensor.py", line 58, in save
    rrdtool.update(self.rrdFile,'N:%s:%s' %(self.actTemp,self.actPress))
error: opening 'db/jrWetter.rrd': No such file or directory

161225-144745-jrWetterstation-31-INFO-

Wetterstation gestartet

161231-105146-jrWetterstation-31-INFO-

Wetterstation gestartet

161231-160002-jrWetterstation-31-INFO-

Wetterstation gestartet

161231-160002-jrWetterstation-46-ERROR-Global exception handler: 
Traceback (most recent call last):
  File "/home/robert/jrWetterstation/sensors/jrWetterstation.py", line 39, in <module>
    ky052.save()
  File "/home/robert/jrWetterstation/sensors/KY052_Sensor.py", line 58, in save
    .byte	0x93
error: opening '../db/jrWetter.rrd': No such file or directory

161231-160502-jrWetterstation-31-INFO-

Wetterstation gestartet

161231-160502-jrWetterstation-46-ERROR-Global exception handler: 
Traceback (most recent call last):
  File "/home/robert/jrWetterstation/sensors/jrWetterstation.py", line 39, in <module>
    ky052.save()
  File "/home/robert/jrWetterstation/sensors/KY052_Sensor.py", line 58, in save
    .byte	0x93
error: opening '../db/jrWetter.rrd': No such file or directory

161231-161002-jrWetterstation-31-INFO-

Wetterstation gestartet

161231-161002-jrWetterstation-46-ERROR-Global exception handler: 
Traceback (most recent call last):
  File "/home/robert/jrWetterstation/sensors/jrWetterstation.py", line 39, in <module>
    ky052.save()
  File "/home/robert/jrWetterstation/sensors/KY052_Sensor.py", line 58, in save
    .byte	0x93
error: opening '../db/jrWetter.rrd': No such file or directory

161231-161503-jrWetterstation-31-INFO-

Wetterstation gestartet

161231-161503-jrWetterstation-46-ERROR-Global exception handler: 
Traceback (most recent call last):
  File "/home/robert/jrWetterstation/sensors/jrWetterstation.py", line 39, in <module>
    ky052.save()
  File "/home/robert/jrWetterstation/sensors/KY052_Sensor.py", line 58, in save
    .byte	0x93
error: opening '../db/jrWetter.rrd': No such file or directory

161231-161802-jrWetterstation-31-INFO-

Wetterstation gestartet

161231-162003-jrWetterstation-31-INFO-

Wetterstation gestartet

161231-162202-jrWetterstation-31-INFO-

Wetterstation gestartet

161231-162402-jrWetterstation-31-INFO-

Wetterstation gestartet

161231-162602-jrWetterstation-31-INFO-

Wetterstation gestartet

161231-162802-jrWetterstation-31-INFO-

Wetterstation gestartet

161231-163004-jrWetterstation-31-INFO-Wetterstation gestartet
161231-163202-jrWetterstation-31-INFO-Wetterstation gestartet
161231-163402-jrWetterstation-31-INFO-Wetterstation gestartet
161231-163602-jrWetterstation-31-INFO-Wetterstation gestartet
161231-163802-jrWetterstation-31-INFO-Wetterstation gestartet
161231-164003-jrWetterstation-31-INFO-Wetterstation gestartet
161231-164202-jrWetterstation-31-INFO-Wetterstation gestartet
161231-164402-jrWetterstation-31-INFO-Wetterstation gestartet
161231-164602-jrWetterstation-31-INFO-Wetterstation gestartet
161231-164802-jrWetterstation-31-INFO-Wetterstation gestartet
161231-165003-jrWetterstation-31-INFO-Wetterstation gestartet
161231-165202-jrWetterstation-31-INFO-Wetterstation gestartet
161231-165402-jrWetterstation-31-INFO-Wetterstation gestartet
161231-165602-jrWetterstation-31-INFO-Wetterstation gestartet
161231-165802-jrWetterstation-31-INFO-Wetterstation gestartet
161231-170003-jrWetterstation-31-INFO-Wetterstation gestartet
161231-170202-jrWetterstation-31-INFO-Wetterstation gestartet
161231-170402-jrWetterstation-31-INFO-Wetterstation gestartet
161231-170602-jrWetterstation-31-INFO-Wetterstation gestartet
161231-170802-jrWetterstation-31-INFO-Wetterstation gestartet
161231-171003-jrWetterstation-31-INFO-Wetterstation gestartet
161231-171202-jrWetterstation-31-INFO-Wetterstation gestartet
161231-171402-jrWetterstation-31-INFO-Wetterstation gestartet
161231-171602-jrWetterstation-31-INFO-Wetterstation gestartet
161231-171802-jrWetterstation-31-INFO-Wetterstation gestartet
161231-172003-jrWetterstation-31-INFO-Wetterstation gestartet
161231-172201-jrWetterstation-31-INFO-Wetterstation gestartet
161231-172401-jrWetterstation-31-INFO-Wetterstation gestartet
161231-172602-jrWetterstation-31-INFO-Wetterstation gestartet
161231-172802-jrWetterstation-31-INFO-Wetterstation gestartet
161231-173003-jrWetterstation-31-INFO-Wetterstation gestartet
161231-173201-jrWetterstation-31-INFO-Wetterstation gestartet
161231-173401-jrWetterstation-31-INFO-Wetterstation gestartet
161231-173602-jrWetterstation-31-INFO-Wetterstation gestartet
161231-173802-jrWetterstation-31-INFO-Wetterstation gestartet
161231-174002-jrWetterstation-31-INFO-Wetterstation gestartet
161231-174202-jrWetterstation-31-INFO-Wetterstation gestartet
161231-174402-jrWetterstation-31-INFO-Wetterstation gestartet
161231-174602-jrWetterstation-31-INFO-Wetterstation gestartet
161231-174802-jrWetterstation-31-INFO-Wetterstation gestartet
161231-175002-jrWetterstation-31-INFO-Wetterstation gestartet
161231-175202-jrWetterstation-31-INFO-Wetterstation gestartet
161231-175402-jrWetterstation-31-INFO-Wetterstation gestartet
161231-175602-jrWetterstation-31-INFO-Wetterstation gestartet
161231-175802-jrWetterstation-31-INFO-Wetterstation gestartet
161231-180002-jrWetterstation-31-INFO-Wetterstation gestartet
161231-180202-jrWetterstation-31-INFO-Wetterstation gestartet
161231-180402-jrWetterstation-31-INFO-Wetterstation gestartet
161231-180602-jrWetterstation-31-INFO-Wetterstation gestartet
161231-180802-jrWetterstation-31-INFO-Wetterstation gestartet
161231-181002-jrWetterstation-31-INFO-Wetterstation gestartet
161231-181202-jrWetterstation-31-INFO-Wetterstation gestartet
161231-181402-jrWetterstation-31-INFO-Wetterstation gestartet
161231-181602-jrWetterstation-31-INFO-Wetterstation gestartet
161231-181802-jrWetterstation-31-INFO-Wetterstation gestartet
161231-182003-jrWetterstation-31-INFO-Wetterstation gestartet
161231-182201-jrWetterstation-31-INFO-Wetterstation gestartet
161231-182401-jrWetterstation-31-INFO-Wetterstation gestartet
161231-182602-jrWetterstation-31-INFO-Wetterstation gestartet
161231-182802-jrWetterstation-31-INFO-Wetterstation gestartet
161231-183003-jrWetterstation-31-INFO-Wetterstation gestartet
161231-183202-jrWetterstation-31-INFO-Wetterstation gestartet
161231-183402-jrWetterstation-31-INFO-Wetterstation gestartet
161231-183602-jrWetterstation-31-INFO-Wetterstation gestartet
161231-183801-jrWetterstation-31-INFO-Wetterstation gestartet
161231-184003-jrWetterstation-31-INFO-Wetterstation gestartet
161231-184202-jrWetterstation-31-INFO-Wetterstation gestartet
161231-184402-jrWetterstation-31-INFO-Wetterstation gestartet
161231-184601-jrWetterstation-31-INFO-Wetterstation gestartet
161231-184801-jrWetterstation-31-INFO-Wetterstation gestartet
161231-185002-jrWetterstation-31-INFO-Wetterstation gestartet
161231-185202-jrWetterstation-31-INFO-Wetterstation gestartet
161231-185402-jrWetterstation-31-INFO-Wetterstation gestartet
161231-185602-jrWetterstation-31-INFO-Wetterstation gestartet
161231-185802-jrWetterstation-31-INFO-Wetterstation gestartet
161231-190003-jrWetterstation-31-INFO-Wetterstation gestartet
161231-190202-jrWetterstation-31-INFO-Wetterstation gestartet
161231-190402-jrWetterstation-31-INFO-Wetterstation gestartet
161231-190602-jrWetterstation-31-INFO-Wetterstation gestartet
161231-190802-jrWetterstation-31-INFO-Wetterstation gestartet
161231-191003-jrWetterstation-31-INFO-Wetterstation gestartet
161231-191202-jrWetterstation-31-INFO-Wetterstation gestartet
161231-191402-jrWetterstation-31-INFO-Wetterstation gestartet
161231-191602-jrWetterstation-31-INFO-Wetterstation gestartet
161231-191802-jrWetterstation-31-INFO-Wetterstation gestartet
161231-192002-jrWetterstation-31-INFO-Wetterstation gestartet
161231-192201-jrWetterstation-31-INFO-Wetterstation gestartet
161231-192401-jrWetterstation-31-INFO-Wetterstation gestartet
161231-192602-jrWetterstation-31-INFO-Wetterstation gestartet
161231-192802-jrWetterstation-31-INFO-Wetterstation gestartet
161231-193003-jrWetterstation-31-INFO-Wetterstation gestartet
161231-193202-jrWetterstation-31-INFO-Wetterstation gestartet
161231-193402-jrWetterstation-31-INFO-Wetterstation gestartet
161231-193601-jrWetterstation-31-INFO-Wetterstation gestartet
161231-193801-jrWetterstation-31-INFO-Wetterstation gestartet
161231-194004-jrWetterstation-31-INFO-Wetterstation gestartet
161231-194202-jrWetterstation-31-INFO-Wetterstation gestartet
161231-194402-jrWetterstation-31-INFO-Wetterstation gestartet
161231-194602-jrWetterstation-31-INFO-Wetterstation gestartet
161231-194802-jrWetterstation-31-INFO-Wetterstation gestartet
161231-195002-jrWetterstation-31-INFO-Wetterstation gestartet
161231-195202-jrWetterstation-31-INFO-Wetterstation gestartet
161231-195402-jrWetterstation-31-INFO-Wetterstation gestartet
161231-195602-jrWetterstation-31-INFO-Wetterstation gestartet
161231-195802-jrWetterstation-31-INFO-Wetterstation gestartet
161231-200003-jrWetterstation-31-INFO-Wetterstation gestartet
161231-200202-jrWetterstation-31-INFO-Wetterstation gestartet
161231-200401-jrWetterstation-31-INFO-Wetterstation gestartet
161231-200602-jrWetterstation-31-INFO-Wetterstation gestartet
161231-200802-jrWetterstation-31-INFO-Wetterstation gestartet
161231-201003-jrWetterstation-31-INFO-Wetterstation gestartet
161231-201201-jrWetterstation-31-INFO-Wetterstation gestartet
161231-201401-jrWetterstation-31-INFO-Wetterstation gestartet
161231-201602-jrWetterstation-31-INFO-Wetterstation gestartet
161231-201802-jrWetterstation-31-INFO-Wetterstation gestartet
161231-202003-jrWetterstation-31-INFO-Wetterstation gestartet
161231-202202-jrWetterstation-31-INFO-Wetterstation gestartet
161231-202402-jrWetterstation-31-INFO-Wetterstation gestartet
161231-202602-jrWetterstation-31-INFO-Wetterstation gestartet
161231-202802-jrWetterstation-31-INFO-Wetterstation gestartet
161231-203003-jrWetterstation-31-INFO-Wetterstation gestartet
161231-203201-jrWetterstation-31-INFO-Wetterstation gestartet
161231-203401-jrWetterstation-31-INFO-Wetterstation gestartet
161231-203602-jrWetterstation-31-INFO-Wetterstation gestartet
161231-203802-jrWetterstation-31-INFO-Wetterstation gestartet
161231-204002-jrWetterstation-31-INFO-Wetterstation gestartet
161231-204201-jrWetterstation-31-INFO-Wetterstation gestartet
161231-204401-jrWetterstation-31-INFO-Wetterstation gestartet
161231-204602-jrWetterstation-31-INFO-Wetterstation gestartet
161231-204802-jrWetterstation-31-INFO-Wetterstation gestartet
161231-205003-jrWetterstation-31-INFO-Wetterstation gestartet
161231-205202-jrWetterstation-31-INFO-Wetterstation gestartet
161231-205402-jrWetterstation-31-INFO-Wetterstation gestartet
161231-205602-jrWetterstation-31-INFO-Wetterstation gestartet
161231-205802-jrWetterstation-31-INFO-Wetterstation gestartet
161231-210003-jrWetterstation-31-INFO-Wetterstation gestartet
161231-210202-jrWetterstation-31-INFO-Wetterstation gestartet
161231-210402-jrWetterstation-31-INFO-Wetterstation gestartet
161231-210602-jrWetterstation-31-INFO-Wetterstation gestartet
161231-210802-jrWetterstation-31-INFO-Wetterstation gestartet
161231-211003-jrWetterstation-31-INFO-Wetterstation gestartet
161231-211202-jrWetterstation-31-INFO-Wetterstation gestartet
161231-211402-jrWetterstation-31-INFO-Wetterstation gestartet
161231-211602-jrWetterstation-31-INFO-Wetterstation gestartet
161231-211802-jrWetterstation-31-INFO-Wetterstation gestartet
161231-212003-jrWetterstation-31-INFO-Wetterstation gestartet
161231-212202-jrWetterstation-31-INFO-Wetterstation gestartet
161231-212402-jrWetterstation-31-INFO-Wetterstation gestartet
161231-212602-jrWetterstation-31-INFO-Wetterstation gestartet
161231-212802-jrWetterstation-31-INFO-Wetterstation gestartet
161231-213003-jrWetterstation-31-INFO-Wetterstation gestartet
161231-213202-jrWetterstation-31-INFO-Wetterstation gestartet
161231-213402-jrWetterstation-31-INFO-Wetterstation gestartet
161231-213601-jrWetterstation-31-INFO-Wetterstation gestartet
161231-213801-jrWetterstation-31-INFO-Wetterstation gestartet
161231-214003-jrWetterstation-31-INFO-Wetterstation gestartet
161231-214202-jrWetterstation-31-INFO-Wetterstation gestartet
161231-214402-jrWetterstation-31-INFO-Wetterstation gestartet
161231-214602-jrWetterstation-31-INFO-Wetterstation gestartet
161231-214802-jrWetterstation-31-INFO-Wetterstation gestartet
161231-215003-jrWetterstation-31-INFO-Wetterstation gestartet
161231-215202-jrWetterstation-31-INFO-Wetterstation gestartet
161231-215402-jrWetterstation-31-INFO-Wetterstation gestartet
161231-215602-jrWetterstation-31-INFO-Wetterstation gestartet
161231-215802-jrWetterstation-31-INFO-Wetterstation gestartet
161231-220003-jrWetterstation-31-INFO-Wetterstation gestartet
161231-220202-jrWetterstation-31-INFO-Wetterstation gestartet
161231-220402-jrWetterstation-31-INFO-Wetterstation gestartet
161231-220602-jrWetterstation-31-INFO-Wetterstation gestartet
161231-220802-jrWetterstation-31-INFO-Wetterstation gestartet
161231-221002-jrWetterstation-31-INFO-Wetterstation gestartet
161231-221201-jrWetterstation-31-INFO-Wetterstation gestartet
161231-221401-jrWetterstation-31-INFO-Wetterstation gestartet
161231-221602-jrWetterstation-31-INFO-Wetterstation gestartet
161231-221801-jrWetterstation-31-INFO-Wetterstation gestartet
161231-222002-jrWetterstation-31-INFO-Wetterstation gestartet
161231-222202-jrWetterstation-31-INFO-Wetterstation gestartet
161231-222402-jrWetterstation-31-INFO-Wetterstation gestartet
